<?xml version="1.0" encoding="UTF-8"?>
<testsuite xmlns:xsi="http://www.w3.org/2001/XMLSchema-instance" xsi:noNamespaceSchemaLocation="https://maven.apache.org/surefire/maven-surefire-plugin/xsd/surefire-test-report-3.0.xsd" version="3.0" name="com.example.hello.service.PlantRecognitionServiceTest" time="0.018" tests="1" errors="1" skipped="0" failures="0">
  <properties>
    <property name="java.specification.version" value="21"/>
    <property name="sun.cpu.isalist" value="amd64"/>
    <property name="sun.jnu.encoding" value="GBK"/>
    <property name="java.class.path" value="c:\Users\11406\Downloads\QL2025-main\QL2025-main\target\test-classes;c:\Users\11406\Downloads\QL2025-main\QL2025-main\target\classes;C:\Users\11406\Downloads\apache-maven-3.9.9-bin\apache-maven-3.9.9\mvn_repo\org\springframework\boot\spring-boot-starter-web\3.3.2\spring-boot-starter-web-3.3.2.jar;C:\Users\11406\Downloads\apache-maven-3.9.9-bin\apache-maven-3.9.9\mvn_repo\org\springframework\boot\spring-boot-starter\3.3.2\spring-boot-starter-3.3.2.jar;C:\Users\11406\Downloads\apache-maven-3.9.9-bin\apache-maven-3.9.9\mvn_repo\org\springframework\boot\spring-boot\3.3.2\spring-boot-3.3.2.jar;C:\Users\11406\Downloads\apache-maven-3.9.9-bin\apache-maven-3.9.9\mvn_repo\org\springframework\boot\spring-boot-starter-logging\3.3.2\spring-boot-starter-logging-3.3.2.jar;C:\Users\11406\Downloads\apache-maven-3.9.9-bin\apache-maven-3.9.9\mvn_repo\ch\qos\logback\logback-classic\1.5.6\logback-classic-1.5.6.jar;C:\Users\11406\Downloads\apache-maven-3.9.9-bin\apache-maven-3.9.9\mvn_repo\ch\qos\logback\logback-core\1.5.6\logback-core-1.5.6.jar;C:\Users\11406\Downloads\apache-maven-3.9.9-bin\apache-maven-3.9.9\mvn_repo\org\apache\logging\log4j\log4j-to-slf4j\2.23.1\log4j-to-slf4j-2.23.1.jar;C:\Users\11406\Downloads\apache-maven-3.9.9-bin\apache-maven-3.9.9\mvn_repo\org\apache\logging\log4j\log4j-api\2.23.1\log4j-api-2.23.1.jar;C:\Users\11406\Downloads\apache-maven-3.9.9-bin\apache-maven-3.9.9\mvn_repo\org\slf4j\jul-to-slf4j\2.0.13\jul-to-slf4j-2.0.13.jar;C:\Users\11406\Downloads\apache-maven-3.9.9-bin\apache-maven-3.9.9\mvn_repo\jakarta\annotation\jakarta.annotation-api\2.1.1\jakarta.annotation-api-2.1.1.jar;C:\Users\11406\Downloads\apache-maven-3.9.9-bin\apache-maven-3.9.9\mvn_repo\org\yaml\snakeyaml\2.2\snakeyaml-2.2.jar;C:\Users\11406\Downloads\apache-maven-3.9.9-bin\apache-maven-3.9.9\mvn_repo\org\springframework\boot\spring-boot-starter-json\3.3.2\spring-boot-starter-json-3.3.2.jar;C:\Users\11406\Downloads\apache-maven-3.9.9-bin\apache-maven-3.9.9\mvn_repo\com\fasterxml\jackson\core\jackson-databind\2.17.2\jackson-databind-2.17.2.jar;C:\Users\11406\Downloads\apache-maven-3.9.9-bin\apache-maven-3.9.9\mvn_repo\com\fasterxml\jackson\core\jackson-annotations\2.17.2\jackson-annotations-2.17.2.jar;C:\Users\11406\Downloads\apache-maven-3.9.9-bin\apache-maven-3.9.9\mvn_repo\com\fasterxml\jackson\core\jackson-core\2.17.2\jackson-core-2.17.2.jar;C:\Users\11406\Downloads\apache-maven-3.9.9-bin\apache-maven-3.9.9\mvn_repo\com\fasterxml\jackson\datatype\jackson-datatype-jdk8\2.17.2\jackson-datatype-jdk8-2.17.2.jar;C:\Users\11406\Downloads\apache-maven-3.9.9-bin\apache-maven-3.9.9\mvn_repo\com\fasterxml\jackson\datatype\jackson-datatype-jsr310\2.17.2\jackson-datatype-jsr310-2.17.2.jar;C:\Users\11406\Downloads\apache-maven-3.9.9-bin\apache-maven-3.9.9\mvn_repo\com\fasterxml\jackson\module\jackson-module-parameter-names\2.17.2\jackson-module-parameter-names-2.17.2.jar;C:\Users\11406\Downloads\apache-maven-3.9.9-bin\apache-maven-3.9.9\mvn_repo\org\springframework\boot\spring-boot-starter-tomcat\3.3.2\spring-boot-starter-tomcat-3.3.2.jar;C:\Users\11406\Downloads\apache-maven-3.9.9-bin\apache-maven-3.9.9\mvn_repo\org\apache\tomcat\embed\tomcat-embed-core\10.1.26\tomcat-embed-core-10.1.26.jar;C:\Users\11406\Downloads\apache-maven-3.9.9-bin\apache-maven-3.9.9\mvn_repo\org\apache\tomcat\embed\tomcat-embed-el\10.1.26\tomcat-embed-el-10.1.26.jar;C:\Users\11406\Downloads\apache-maven-3.9.9-bin\apache-maven-3.9.9\mvn_repo\org\apache\tomcat\embed\tomcat-embed-websocket\10.1.26\tomcat-embed-websocket-10.1.26.jar;C:\Users\11406\Downloads\apache-maven-3.9.9-bin\apache-maven-3.9.9\mvn_repo\org\springframework\spring-webmvc\6.1.11\spring-webmvc-6.1.11.jar;C:\Users\11406\Downloads\apache-maven-3.9.9-bin\apache-maven-3.9.9\mvn_repo\org\springframework\spring-aop\6.1.11\spring-aop-6.1.11.jar;C:\Users\11406\Downloads\apache-maven-3.9.9-bin\apache-maven-3.9.9\mvn_repo\org\springframework\spring-context\6.1.11\spring-context-6.1.11.jar;C:\Users\11406\Downloads\apache-maven-3.9.9-bin\apache-maven-3.9.9\mvn_repo\org\springframework\spring-expression\6.1.11\spring-expression-6.1.11.jar;C:\Users\11406\Downloads\apache-maven-3.9.9-bin\apache-maven-3.9.9\mvn_repo\org\springframework\spring-web\6.1.11\spring-web-6.1.11.jar;C:\Users\11406\Downloads\apache-maven-3.9.9-bin\apache-maven-3.9.9\mvn_repo\org\springframework\spring-beans\6.1.11\spring-beans-6.1.11.jar;C:\Users\11406\Downloads\apache-maven-3.9.9-bin\apache-maven-3.9.9\mvn_repo\org\springframework\spring-core\6.1.11\spring-core-6.1.11.jar;C:\Users\11406\Downloads\apache-maven-3.9.9-bin\apache-maven-3.9.9\mvn_repo\org\springframework\spring-jcl\6.1.11\spring-jcl-6.1.11.jar;C:\Users\11406\Downloads\apache-maven-3.9.9-bin\apache-maven-3.9.9\mvn_repo\io\micrometer\micrometer-observation\1.13.2\micrometer-observation-1.13.2.jar;C:\Users\11406\Downloads\apache-maven-3.9.9-bin\apache-maven-3.9.9\mvn_repo\io\micrometer\micrometer-commons\1.13.2\micrometer-commons-1.13.2.jar;C:\Users\11406\Downloads\apache-maven-3.9.9-bin\apache-maven-3.9.9\mvn_repo\com\baomidou\mybatis-plus-boot-starter\3.5.5\mybatis-plus-boot-starter-3.5.5.jar;C:\Users\11406\Downloads\apache-maven-3.9.9-bin\apache-maven-3.9.9\mvn_repo\com\baomidou\mybatis-plus\3.5.5\mybatis-plus-3.5.5.jar;C:\Users\11406\Downloads\apache-maven-3.9.9-bin\apache-maven-3.9.9\mvn_repo\com\baomidou\mybatis-plus-core\3.5.5\mybatis-plus-core-3.5.5.jar;C:\Users\11406\Downloads\apache-maven-3.9.9-bin\apache-maven-3.9.9\mvn_repo\com\baomidou\mybatis-plus-annotation\3.5.5\mybatis-plus-annotation-3.5.5.jar;C:\Users\11406\Downloads\apache-maven-3.9.9-bin\apache-maven-3.9.9\mvn_repo\com\baomidou\mybatis-plus-extension\3.5.5\mybatis-plus-extension-3.5.5.jar;C:\Users\11406\Downloads\apache-maven-3.9.9-bin\apache-maven-3.9.9\mvn_repo\org\mybatis\mybatis\3.5.15\mybatis-3.5.15.jar;C:\Users\11406\Downloads\apache-maven-3.9.9-bin\apache-maven-3.9.9\mvn_repo\com\github\jsqlparser\jsqlparser\4.6\jsqlparser-4.6.jar;C:\Users\11406\Downloads\apache-maven-3.9.9-bin\apache-maven-3.9.9\mvn_repo\org\mybatis\mybatis-spring\2.1.2\mybatis-spring-2.1.2.jar;C:\Users\11406\Downloads\apache-maven-3.9.9-bin\apache-maven-3.9.9\mvn_repo\com\baomidou\mybatis-plus-spring-boot-autoconfigure\3.5.5\mybatis-plus-spring-boot-autoconfigure-3.5.5.jar;C:\Users\11406\Downloads\apache-maven-3.9.9-bin\apache-maven-3.9.9\mvn_repo\org\springframework\boot\spring-boot-autoconfigure\3.3.2\spring-boot-autoconfigure-3.3.2.jar;C:\Users\11406\Downloads\apache-maven-3.9.9-bin\apache-maven-3.9.9\mvn_repo\org\springframework\boot\spring-boot-starter-jdbc\3.3.2\spring-boot-starter-jdbc-3.3.2.jar;C:\Users\11406\Downloads\apache-maven-3.9.9-bin\apache-maven-3.9.9\mvn_repo\com\zaxxer\HikariCP\5.1.0\HikariCP-5.1.0.jar;C:\Users\11406\Downloads\apache-maven-3.9.9-bin\apache-maven-3.9.9\mvn_repo\org\springframework\spring-jdbc\6.1.11\spring-jdbc-6.1.11.jar;C:\Users\11406\Downloads\apache-maven-3.9.9-bin\apache-maven-3.9.9\mvn_repo\org\springframework\spring-tx\6.1.11\spring-tx-6.1.11.jar;C:\Users\11406\Downloads\apache-maven-3.9.9-bin\apache-maven-3.9.9\mvn_repo\com\mysql\mysql-connector-j\8.3.0\mysql-connector-j-8.3.0.jar;C:\Users\11406\Downloads\apache-maven-3.9.9-bin\apache-maven-3.9.9\mvn_repo\commons-fileupload\commons-fileupload\1.5\commons-fileupload-1.5.jar;C:\Users\11406\Downloads\apache-maven-3.9.9-bin\apache-maven-3.9.9\mvn_repo\commons-io\commons-io\2.11.0\commons-io-2.11.0.jar;C:\Users\11406\Downloads\apache-maven-3.9.9-bin\apache-maven-3.9.9\mvn_repo\org\projectlombok\lombok\1.18.30\lombok-1.18.30.jar;C:\Users\11406\Downloads\apache-maven-3.9.9-bin\apache-maven-3.9.9\mvn_repo\org\springframework\boot\spring-boot-starter-test\3.3.2\spring-boot-starter-test-3.3.2.jar;C:\Users\11406\Downloads\apache-maven-3.9.9-bin\apache-maven-3.9.9\mvn_repo\org\springframework\boot\spring-boot-test\3.3.2\spring-boot-test-3.3.2.jar;C:\Users\11406\Downloads\apache-maven-3.9.9-bin\apache-maven-3.9.9\mvn_repo\org\springframework\boot\spring-boot-test-autoconfigure\3.3.2\spring-boot-test-autoconfigure-3.3.2.jar;C:\Users\11406\Downloads\apache-maven-3.9.9-bin\apache-maven-3.9.9\mvn_repo\com\jayway\jsonpath\json-path\2.9.0\json-path-2.9.0.jar;C:\Users\11406\Downloads\apache-maven-3.9.9-bin\apache-maven-3.9.9\mvn_repo\org\slf4j\slf4j-api\2.0.13\slf4j-api-2.0.13.jar;C:\Users\11406\Downloads\apache-maven-3.9.9-bin\apache-maven-3.9.9\mvn_repo\jakarta\xml\bind\jakarta.xml.bind-api\4.0.2\jakarta.xml.bind-api-4.0.2.jar;C:\Users\11406\Downloads\apache-maven-3.9.9-bin\apache-maven-3.9.9\mvn_repo\jakarta\activation\jakarta.activation-api\2.1.3\jakarta.activation-api-2.1.3.jar;C:\Users\11406\Downloads\apache-maven-3.9.9-bin\apache-maven-3.9.9\mvn_repo\net\minidev\json-smart\2.5.1\json-smart-2.5.1.jar;C:\Users\11406\Downloads\apache-maven-3.9.9-bin\apache-maven-3.9.9\mvn_repo\net\minidev\accessors-smart\2.5.1\accessors-smart-2.5.1.jar;C:\Users\11406\Downloads\apache-maven-3.9.9-bin\apache-maven-3.9.9\mvn_repo\org\ow2\asm\asm\9.6\asm-9.6.jar;C:\Users\11406\Downloads\apache-maven-3.9.9-bin\apache-maven-3.9.9\mvn_repo\org\assertj\assertj-core\3.25.3\assertj-core-3.25.3.jar;C:\Users\11406\Downloads\apache-maven-3.9.9-bin\apache-maven-3.9.9\mvn_repo\net\bytebuddy\byte-buddy\1.14.18\byte-buddy-1.14.18.jar;C:\Users\11406\Downloads\apache-maven-3.9.9-bin\apache-maven-3.9.9\mvn_repo\org\awaitility\awaitility\4.2.1\awaitility-4.2.1.jar;C:\Users\11406\Downloads\apache-maven-3.9.9-bin\apache-maven-3.9.9\mvn_repo\org\hamcrest\hamcrest\2.2\hamcrest-2.2.jar;C:\Users\11406\Downloads\apache-maven-3.9.9-bin\apache-maven-3.9.9\mvn_repo\org\junit\jupiter\junit-jupiter\5.10.3\junit-jupiter-5.10.3.jar;C:\Users\11406\Downloads\apache-maven-3.9.9-bin\apache-maven-3.9.9\mvn_repo\org\junit\jupiter\junit-jupiter-api\5.10.3\junit-jupiter-api-5.10.3.jar;C:\Users\11406\Downloads\apache-maven-3.9.9-bin\apache-maven-3.9.9\mvn_repo\org\opentest4j\opentest4j\1.3.0\opentest4j-1.3.0.jar;C:\Users\11406\Downloads\apache-maven-3.9.9-bin\apache-maven-3.9.9\mvn_repo\org\junit\platform\junit-platform-commons\1.10.3\junit-platform-commons-1.10.3.jar;C:\Users\11406\Downloads\apache-maven-3.9.9-bin\apache-maven-3.9.9\mvn_repo\org\apiguardian\apiguardian-api\1.1.2\apiguardian-api-1.1.2.jar;C:\Users\11406\Downloads\apache-maven-3.9.9-bin\apache-maven-3.9.9\mvn_repo\org\junit\jupiter\junit-jupiter-params\5.10.3\junit-jupiter-params-5.10.3.jar;C:\Users\11406\Downloads\apache-maven-3.9.9-bin\apache-maven-3.9.9\mvn_repo\org\junit\jupiter\junit-jupiter-engine\5.10.3\junit-jupiter-engine-5.10.3.jar;C:\Users\11406\Downloads\apache-maven-3.9.9-bin\apache-maven-3.9.9\mvn_repo\org\junit\platform\junit-platform-engine\1.10.3\junit-platform-engine-1.10.3.jar;C:\Users\11406\Downloads\apache-maven-3.9.9-bin\apache-maven-3.9.9\mvn_repo\org\mockito\mockito-core\5.11.0\mockito-core-5.11.0.jar;C:\Users\11406\Downloads\apache-maven-3.9.9-bin\apache-maven-3.9.9\mvn_repo\net\bytebuddy\byte-buddy-agent\1.14.18\byte-buddy-agent-1.14.18.jar;C:\Users\11406\Downloads\apache-maven-3.9.9-bin\apache-maven-3.9.9\mvn_repo\org\objenesis\objenesis\3.3\objenesis-3.3.jar;C:\Users\11406\Downloads\apache-maven-3.9.9-bin\apache-maven-3.9.9\mvn_repo\org\mockito\mockito-junit-jupiter\5.11.0\mockito-junit-jupiter-5.11.0.jar;C:\Users\11406\Downloads\apache-maven-3.9.9-bin\apache-maven-3.9.9\mvn_repo\org\skyscreamer\jsonassert\1.5.3\jsonassert-1.5.3.jar;C:\Users\11406\Downloads\apache-maven-3.9.9-bin\apache-maven-3.9.9\mvn_repo\com\vaadin\external\google\android-json\0.0.20131108.vaadin1\android-json-0.0.20131108.vaadin1.jar;C:\Users\11406\Downloads\apache-maven-3.9.9-bin\apache-maven-3.9.9\mvn_repo\org\springframework\spring-test\6.1.11\spring-test-6.1.11.jar;C:\Users\11406\Downloads\apache-maven-3.9.9-bin\apache-maven-3.9.9\mvn_repo\org\xmlunit\xmlunit-core\2.9.1\xmlunit-core-2.9.1.jar;"/>
    <property name="java.vm.vendor" value="Oracle Corporation"/>
    <property name="sun.arch.data.model" value="64"/>
    <property name="user.variant" value=""/>
    <property name="java.vendor.url" value="https://java.oracle.com/"/>
    <property name="user.timezone" value="GMT+08:00"/>
    <property name="os.name" value="Windows 11"/>
    <property name="java.vm.specification.version" value="21"/>
    <property name="sun.java.launcher" value="SUN_STANDARD"/>
    <property name="user.country" value="CN"/>
    <property name="sun.boot.library.path" value="C:\jdk\bin"/>
    <property name="sun.java.command" value="C:\Users\11406\AppData\Local\Temp\surefire10216638324670362575\surefirebooter-20250714214208086_3.jar C:\Users\11406\AppData\Local\Temp\surefire10216638324670362575 2025-07-14T21-42-07_989-jvmRun1 surefire-20250714214208086_1tmp surefire_0-20250714214208086_2tmp"/>
    <property name="jdk.debug" value="release"/>
    <property name="surefire.test.class.path" value="c:\Users\11406\Downloads\QL2025-main\QL2025-main\target\test-classes;c:\Users\11406\Downloads\QL2025-main\QL2025-main\target\classes;C:\Users\11406\Downloads\apache-maven-3.9.9-bin\apache-maven-3.9.9\mvn_repo\org\springframework\boot\spring-boot-starter-web\3.3.2\spring-boot-starter-web-3.3.2.jar;C:\Users\11406\Downloads\apache-maven-3.9.9-bin\apache-maven-3.9.9\mvn_repo\org\springframework\boot\spring-boot-starter\3.3.2\spring-boot-starter-3.3.2.jar;C:\Users\11406\Downloads\apache-maven-3.9.9-bin\apache-maven-3.9.9\mvn_repo\org\springframework\boot\spring-boot\3.3.2\spring-boot-3.3.2.jar;C:\Users\11406\Downloads\apache-maven-3.9.9-bin\apache-maven-3.9.9\mvn_repo\org\springframework\boot\spring-boot-starter-logging\3.3.2\spring-boot-starter-logging-3.3.2.jar;C:\Users\11406\Downloads\apache-maven-3.9.9-bin\apache-maven-3.9.9\mvn_repo\ch\qos\logback\logback-classic\1.5.6\logback-classic-1.5.6.jar;C:\Users\11406\Downloads\apache-maven-3.9.9-bin\apache-maven-3.9.9\mvn_repo\ch\qos\logback\logback-core\1.5.6\logback-core-1.5.6.jar;C:\Users\11406\Downloads\apache-maven-3.9.9-bin\apache-maven-3.9.9\mvn_repo\org\apache\logging\log4j\log4j-to-slf4j\2.23.1\log4j-to-slf4j-2.23.1.jar;C:\Users\11406\Downloads\apache-maven-3.9.9-bin\apache-maven-3.9.9\mvn_repo\org\apache\logging\log4j\log4j-api\2.23.1\log4j-api-2.23.1.jar;C:\Users\11406\Downloads\apache-maven-3.9.9-bin\apache-maven-3.9.9\mvn_repo\org\slf4j\jul-to-slf4j\2.0.13\jul-to-slf4j-2.0.13.jar;C:\Users\11406\Downloads\apache-maven-3.9.9-bin\apache-maven-3.9.9\mvn_repo\jakarta\annotation\jakarta.annotation-api\2.1.1\jakarta.annotation-api-2.1.1.jar;C:\Users\11406\Downloads\apache-maven-3.9.9-bin\apache-maven-3.9.9\mvn_repo\org\yaml\snakeyaml\2.2\snakeyaml-2.2.jar;C:\Users\11406\Downloads\apache-maven-3.9.9-bin\apache-maven-3.9.9\mvn_repo\org\springframework\boot\spring-boot-starter-json\3.3.2\spring-boot-starter-json-3.3.2.jar;C:\Users\11406\Downloads\apache-maven-3.9.9-bin\apache-maven-3.9.9\mvn_repo\com\fasterxml\jackson\core\jackson-databind\2.17.2\jackson-databind-2.17.2.jar;C:\Users\11406\Downloads\apache-maven-3.9.9-bin\apache-maven-3.9.9\mvn_repo\com\fasterxml\jackson\core\jackson-annotations\2.17.2\jackson-annotations-2.17.2.jar;C:\Users\11406\Downloads\apache-maven-3.9.9-bin\apache-maven-3.9.9\mvn_repo\com\fasterxml\jackson\core\jackson-core\2.17.2\jackson-core-2.17.2.jar;C:\Users\11406\Downloads\apache-maven-3.9.9-bin\apache-maven-3.9.9\mvn_repo\com\fasterxml\jackson\datatype\jackson-datatype-jdk8\2.17.2\jackson-datatype-jdk8-2.17.2.jar;C:\Users\11406\Downloads\apache-maven-3.9.9-bin\apache-maven-3.9.9\mvn_repo\com\fasterxml\jackson\datatype\jackson-datatype-jsr310\2.17.2\jackson-datatype-jsr310-2.17.2.jar;C:\Users\11406\Downloads\apache-maven-3.9.9-bin\apache-maven-3.9.9\mvn_repo\com\fasterxml\jackson\module\jackson-module-parameter-names\2.17.2\jackson-module-parameter-names-2.17.2.jar;C:\Users\11406\Downloads\apache-maven-3.9.9-bin\apache-maven-3.9.9\mvn_repo\org\springframework\boot\spring-boot-starter-tomcat\3.3.2\spring-boot-starter-tomcat-3.3.2.jar;C:\Users\11406\Downloads\apache-maven-3.9.9-bin\apache-maven-3.9.9\mvn_repo\org\apache\tomcat\embed\tomcat-embed-core\10.1.26\tomcat-embed-core-10.1.26.jar;C:\Users\11406\Downloads\apache-maven-3.9.9-bin\apache-maven-3.9.9\mvn_repo\org\apache\tomcat\embed\tomcat-embed-el\10.1.26\tomcat-embed-el-10.1.26.jar;C:\Users\11406\Downloads\apache-maven-3.9.9-bin\apache-maven-3.9.9\mvn_repo\org\apache\tomcat\embed\tomcat-embed-websocket\10.1.26\tomcat-embed-websocket-10.1.26.jar;C:\Users\11406\Downloads\apache-maven-3.9.9-bin\apache-maven-3.9.9\mvn_repo\org\springframework\spring-webmvc\6.1.11\spring-webmvc-6.1.11.jar;C:\Users\11406\Downloads\apache-maven-3.9.9-bin\apache-maven-3.9.9\mvn_repo\org\springframework\spring-aop\6.1.11\spring-aop-6.1.11.jar;C:\Users\11406\Downloads\apache-maven-3.9.9-bin\apache-maven-3.9.9\mvn_repo\org\springframework\spring-context\6.1.11\spring-context-6.1.11.jar;C:\Users\11406\Downloads\apache-maven-3.9.9-bin\apache-maven-3.9.9\mvn_repo\org\springframework\spring-expression\6.1.11\spring-expression-6.1.11.jar;C:\Users\11406\Downloads\apache-maven-3.9.9-bin\apache-maven-3.9.9\mvn_repo\org\springframework\spring-web\6.1.11\spring-web-6.1.11.jar;C:\Users\11406\Downloads\apache-maven-3.9.9-bin\apache-maven-3.9.9\mvn_repo\org\springframework\spring-beans\6.1.11\spring-beans-6.1.11.jar;C:\Users\11406\Downloads\apache-maven-3.9.9-bin\apache-maven-3.9.9\mvn_repo\org\springframework\spring-core\6.1.11\spring-core-6.1.11.jar;C:\Users\11406\Downloads\apache-maven-3.9.9-bin\apache-maven-3.9.9\mvn_repo\org\springframework\spring-jcl\6.1.11\spring-jcl-6.1.11.jar;C:\Users\11406\Downloads\apache-maven-3.9.9-bin\apache-maven-3.9.9\mvn_repo\io\micrometer\micrometer-observation\1.13.2\micrometer-observation-1.13.2.jar;C:\Users\11406\Downloads\apache-maven-3.9.9-bin\apache-maven-3.9.9\mvn_repo\io\micrometer\micrometer-commons\1.13.2\micrometer-commons-1.13.2.jar;C:\Users\11406\Downloads\apache-maven-3.9.9-bin\apache-maven-3.9.9\mvn_repo\com\baomidou\mybatis-plus-boot-starter\3.5.5\mybatis-plus-boot-starter-3.5.5.jar;C:\Users\11406\Downloads\apache-maven-3.9.9-bin\apache-maven-3.9.9\mvn_repo\com\baomidou\mybatis-plus\3.5.5\mybatis-plus-3.5.5.jar;C:\Users\11406\Downloads\apache-maven-3.9.9-bin\apache-maven-3.9.9\mvn_repo\com\baomidou\mybatis-plus-core\3.5.5\mybatis-plus-core-3.5.5.jar;C:\Users\11406\Downloads\apache-maven-3.9.9-bin\apache-maven-3.9.9\mvn_repo\com\baomidou\mybatis-plus-annotation\3.5.5\mybatis-plus-annotation-3.5.5.jar;C:\Users\11406\Downloads\apache-maven-3.9.9-bin\apache-maven-3.9.9\mvn_repo\com\baomidou\mybatis-plus-extension\3.5.5\mybatis-plus-extension-3.5.5.jar;C:\Users\11406\Downloads\apache-maven-3.9.9-bin\apache-maven-3.9.9\mvn_repo\org\mybatis\mybatis\3.5.15\mybatis-3.5.15.jar;C:\Users\11406\Downloads\apache-maven-3.9.9-bin\apache-maven-3.9.9\mvn_repo\com\github\jsqlparser\jsqlparser\4.6\jsqlparser-4.6.jar;C:\Users\11406\Downloads\apache-maven-3.9.9-bin\apache-maven-3.9.9\mvn_repo\org\mybatis\mybatis-spring\2.1.2\mybatis-spring-2.1.2.jar;C:\Users\11406\Downloads\apache-maven-3.9.9-bin\apache-maven-3.9.9\mvn_repo\com\baomidou\mybatis-plus-spring-boot-autoconfigure\3.5.5\mybatis-plus-spring-boot-autoconfigure-3.5.5.jar;C:\Users\11406\Downloads\apache-maven-3.9.9-bin\apache-maven-3.9.9\mvn_repo\org\springframework\boot\spring-boot-autoconfigure\3.3.2\spring-boot-autoconfigure-3.3.2.jar;C:\Users\11406\Downloads\apache-maven-3.9.9-bin\apache-maven-3.9.9\mvn_repo\org\springframework\boot\spring-boot-starter-jdbc\3.3.2\spring-boot-starter-jdbc-3.3.2.jar;C:\Users\11406\Downloads\apache-maven-3.9.9-bin\apache-maven-3.9.9\mvn_repo\com\zaxxer\HikariCP\5.1.0\HikariCP-5.1.0.jar;C:\Users\11406\Downloads\apache-maven-3.9.9-bin\apache-maven-3.9.9\mvn_repo\org\springframework\spring-jdbc\6.1.11\spring-jdbc-6.1.11.jar;C:\Users\11406\Downloads\apache-maven-3.9.9-bin\apache-maven-3.9.9\mvn_repo\org\springframework\spring-tx\6.1.11\spring-tx-6.1.11.jar;C:\Users\11406\Downloads\apache-maven-3.9.9-bin\apache-maven-3.9.9\mvn_repo\com\mysql\mysql-connector-j\8.3.0\mysql-connector-j-8.3.0.jar;C:\Users\11406\Downloads\apache-maven-3.9.9-bin\apache-maven-3.9.9\mvn_repo\commons-fileupload\commons-fileupload\1.5\commons-fileupload-1.5.jar;C:\Users\11406\Downloads\apache-maven-3.9.9-bin\apache-maven-3.9.9\mvn_repo\commons-io\commons-io\2.11.0\commons-io-2.11.0.jar;C:\Users\11406\Downloads\apache-maven-3.9.9-bin\apache-maven-3.9.9\mvn_repo\org\projectlombok\lombok\1.18.30\lombok-1.18.30.jar;C:\Users\11406\Downloads\apache-maven-3.9.9-bin\apache-maven-3.9.9\mvn_repo\org\springframework\boot\spring-boot-starter-test\3.3.2\spring-boot-starter-test-3.3.2.jar;C:\Users\11406\Downloads\apache-maven-3.9.9-bin\apache-maven-3.9.9\mvn_repo\org\springframework\boot\spring-boot-test\3.3.2\spring-boot-test-3.3.2.jar;C:\Users\11406\Downloads\apache-maven-3.9.9-bin\apache-maven-3.9.9\mvn_repo\org\springframework\boot\spring-boot-test-autoconfigure\3.3.2\spring-boot-test-autoconfigure-3.3.2.jar;C:\Users\11406\Downloads\apache-maven-3.9.9-bin\apache-maven-3.9.9\mvn_repo\com\jayway\jsonpath\json-path\2.9.0\json-path-2.9.0.jar;C:\Users\11406\Downloads\apache-maven-3.9.9-bin\apache-maven-3.9.9\mvn_repo\org\slf4j\slf4j-api\2.0.13\slf4j-api-2.0.13.jar;C:\Users\11406\Downloads\apache-maven-3.9.9-bin\apache-maven-3.9.9\mvn_repo\jakarta\xml\bind\jakarta.xml.bind-api\4.0.2\jakarta.xml.bind-api-4.0.2.jar;C:\Users\11406\Downloads\apache-maven-3.9.9-bin\apache-maven-3.9.9\mvn_repo\jakarta\activation\jakarta.activation-api\2.1.3\jakarta.activation-api-2.1.3.jar;C:\Users\11406\Downloads\apache-maven-3.9.9-bin\apache-maven-3.9.9\mvn_repo\net\minidev\json-smart\2.5.1\json-smart-2.5.1.jar;C:\Users\11406\Downloads\apache-maven-3.9.9-bin\apache-maven-3.9.9\mvn_repo\net\minidev\accessors-smart\2.5.1\accessors-smart-2.5.1.jar;C:\Users\11406\Downloads\apache-maven-3.9.9-bin\apache-maven-3.9.9\mvn_repo\org\ow2\asm\asm\9.6\asm-9.6.jar;C:\Users\11406\Downloads\apache-maven-3.9.9-bin\apache-maven-3.9.9\mvn_repo\org\assertj\assertj-core\3.25.3\assertj-core-3.25.3.jar;C:\Users\11406\Downloads\apache-maven-3.9.9-bin\apache-maven-3.9.9\mvn_repo\net\bytebuddy\byte-buddy\1.14.18\byte-buddy-1.14.18.jar;C:\Users\11406\Downloads\apache-maven-3.9.9-bin\apache-maven-3.9.9\mvn_repo\org\awaitility\awaitility\4.2.1\awaitility-4.2.1.jar;C:\Users\11406\Downloads\apache-maven-3.9.9-bin\apache-maven-3.9.9\mvn_repo\org\hamcrest\hamcrest\2.2\hamcrest-2.2.jar;C:\Users\11406\Downloads\apache-maven-3.9.9-bin\apache-maven-3.9.9\mvn_repo\org\junit\jupiter\junit-jupiter\5.10.3\junit-jupiter-5.10.3.jar;C:\Users\11406\Downloads\apache-maven-3.9.9-bin\apache-maven-3.9.9\mvn_repo\org\junit\jupiter\junit-jupiter-api\5.10.3\junit-jupiter-api-5.10.3.jar;C:\Users\11406\Downloads\apache-maven-3.9.9-bin\apache-maven-3.9.9\mvn_repo\org\opentest4j\opentest4j\1.3.0\opentest4j-1.3.0.jar;C:\Users\11406\Downloads\apache-maven-3.9.9-bin\apache-maven-3.9.9\mvn_repo\org\junit\platform\junit-platform-commons\1.10.3\junit-platform-commons-1.10.3.jar;C:\Users\11406\Downloads\apache-maven-3.9.9-bin\apache-maven-3.9.9\mvn_repo\org\apiguardian\apiguardian-api\1.1.2\apiguardian-api-1.1.2.jar;C:\Users\11406\Downloads\apache-maven-3.9.9-bin\apache-maven-3.9.9\mvn_repo\org\junit\jupiter\junit-jupiter-params\5.10.3\junit-jupiter-params-5.10.3.jar;C:\Users\11406\Downloads\apache-maven-3.9.9-bin\apache-maven-3.9.9\mvn_repo\org\junit\jupiter\junit-jupiter-engine\5.10.3\junit-jupiter-engine-5.10.3.jar;C:\Users\11406\Downloads\apache-maven-3.9.9-bin\apache-maven-3.9.9\mvn_repo\org\junit\platform\junit-platform-engine\1.10.3\junit-platform-engine-1.10.3.jar;C:\Users\11406\Downloads\apache-maven-3.9.9-bin\apache-maven-3.9.9\mvn_repo\org\mockito\mockito-core\5.11.0\mockito-core-5.11.0.jar;C:\Users\11406\Downloads\apache-maven-3.9.9-bin\apache-maven-3.9.9\mvn_repo\net\bytebuddy\byte-buddy-agent\1.14.18\byte-buddy-agent-1.14.18.jar;C:\Users\11406\Downloads\apache-maven-3.9.9-bin\apache-maven-3.9.9\mvn_repo\org\objenesis\objenesis\3.3\objenesis-3.3.jar;C:\Users\11406\Downloads\apache-maven-3.9.9-bin\apache-maven-3.9.9\mvn_repo\org\mockito\mockito-junit-jupiter\5.11.0\mockito-junit-jupiter-5.11.0.jar;C:\Users\11406\Downloads\apache-maven-3.9.9-bin\apache-maven-3.9.9\mvn_repo\org\skyscreamer\jsonassert\1.5.3\jsonassert-1.5.3.jar;C:\Users\11406\Downloads\apache-maven-3.9.9-bin\apache-maven-3.9.9\mvn_repo\com\vaadin\external\google\android-json\0.0.20131108.vaadin1\android-json-0.0.20131108.vaadin1.jar;C:\Users\11406\Downloads\apache-maven-3.9.9-bin\apache-maven-3.9.9\mvn_repo\org\springframework\spring-test\6.1.11\spring-test-6.1.11.jar;C:\Users\11406\Downloads\apache-maven-3.9.9-bin\apache-maven-3.9.9\mvn_repo\org\xmlunit\xmlunit-core\2.9.1\xmlunit-core-2.9.1.jar;"/>
    <property name="sun.cpu.endian" value="little"/>
    <property name="user.home" value="C:\Users\11406"/>
    <property name="user.language" value="zh"/>
    <property name="java.specification.vendor" value="Oracle Corporation"/>
    <property name="java.version.date" value="2025-01-21"/>
    <property name="java.home" value="C:\jdk"/>
    <property name="file.separator" value="\"/>
    <property name="basedir" value="c:\Users\11406\Downloads\QL2025-main\QL2025-main"/>
    <property name="java.vm.compressedOopsMode" value="Zero based"/>
    <property name="line.separator" value="&#10;"/>
    <property name="java.vm.specification.vendor" value="Oracle Corporation"/>
    <property name="java.specification.name" value="Java Platform API Specification"/>
    <property name="FILE_LOG_CHARSET" value="UTF-8"/>
    <property name="java.awt.headless" value="true"/>
    <property name="surefire.real.class.path" value="C:\Users\11406\AppData\Local\Temp\surefire10216638324670362575\surefirebooter-20250714214208086_3.jar"/>
    <property name="user.script" value=""/>
    <property name="sun.management.compiler" value="HotSpot 64-Bit Tiered Compilers"/>
    <property name="java.runtime.version" value="21.0.6+8-LTS-188"/>
    <property name="user.name" value="11406"/>
    <property name="stdout.encoding" value="GBK"/>
    <property name="path.separator" value=";"/>
    <property name="os.version" value="10.0"/>
    <property name="java.runtime.name" value="Java(TM) SE Runtime Environment"/>
    <property name="file.encoding" value="UTF-8"/>
    <property name="java.vm.name" value="Java HotSpot(TM) 64-Bit Server VM"/>
    <property name="localRepository" value="C:\Users\11406\Downloads\apache-maven-3.9.9-bin\apache-maven-3.9.9\mvn_repo"/>
    <property name="java.vendor.url.bug" value="https://bugreport.java.com/bugreport/"/>
    <property name="java.io.tmpdir" value="C:\Users\11406\AppData\Local\Temp\"/>
    <property name="java.version" value="21.0.6"/>
    <property name="user.dir" value="c:\Users\11406\Downloads\QL2025-main\QL2025-main"/>
    <property name="os.arch" value="amd64"/>
    <property name="java.vm.specification.name" value="Java Virtual Machine Specification"/>
    <property name="PID" value="29532"/>
    <property name="sun.os.patch.level" value=""/>
    <property name="CONSOLE_LOG_CHARSET" value="UTF-8"/>
    <property name="native.encoding" value="GBK"/>
    <property name="java.library.path" value="C:\jdk\bin;C:\WINDOWS\Sun\Java\bin;C:\WINDOWS\system32;C:\WINDOWS;C:\Users\11406\.trae\tools\gradle\latest\bin;C:\jdk\bin;C:\Users\11406\.trae\tools\maven\latest\bin;C:\Program Files (x86)\Microsoft\Edge\Application;C:\Program Files (x86)\VMware\VMware Workstation\bin\;C:\Program Files\Common Files\Oracle\Java\javapath;C:\Program Files\Microsoft\jdk-11.0.16.101-hotspot\bin;C:\windows\system32;C:\windows;C:\windows\System32\Wbem;C:\windows\System32\WindowsPowerShell\v1.0\;C:\windows\System32\OpenSSH\;C:\Program Files (x86)\NVIDIA Corporation\PhysX\Common;C:\Users\Administrator\AppData\Local\Microsoft\WindowsApps;C:\Program Files\HP\OMEN-Broadcast\Common;C:\Program Files (x86)\Windows Kits\10\Windows Performance Toolkit\;C:\Program Files\MATLAB\R2024b\bin;C:\Program Files\MySQL\MySQL Server 8.0\bin;C:\WINDOWS\system32;C:\WINDOWS;C:\WINDOWS\System32\Wbem;C:\WINDOWS\System32\WindowsPowerShell\v1.0\;C:\WINDOWS\System32\OpenSSH\;C:\Program Files\NVIDIA Corporation\NVIDIA app\NvDLISR;C:\Users\11406\Downloads\apache-maven-3.9.9-bin\apache-maven-3.9.9\bin;C:\jdk\bin;;C:\Program Files\Docker\Docker\resources\bin;C:\Program Files (x86)\NetSarang\Xshell 8\;c:\cursor\cursor\resources\app\bin;C:\Program Files\MySQL\MySQL Shell 8.0\bin\;C:\Users\11406\AppData\Local\Programs\Python\Python312\Scripts\;C:\Users\11406\AppData\Local\Programs\Python\Python312\;C:\Users\11406\AppData\Local\Microsoft\WindowsApps;C:\pycharm\PyCharm Community Edition 2023.3.4\bin;;C:\jdk\bin;C:\Program Files\JetBrains\DataGrip 2023.3.4\bin;;C:\Users\11406\Downloads\apache-maven-3.9.9-bin\apache-maven-3.9.9\bin;;C:\Program Files\JetBrains\IntelliJ IDEA 2023.3.8\bin;;C:\cursor\cursor\resources\app\bin;c:\Users\11406\AppData\Local\Programs\Trae\resources\app\bin\lib;."/>
    <property name="java.vm.info" value="mixed mode, sharing"/>
    <property name="stderr.encoding" value="GBK"/>
    <property name="java.vendor" value="Oracle Corporation"/>
    <property name="java.vm.version" value="21.0.6+8-LTS-188"/>
    <property name="sun.io.unicode.encoding" value="UnicodeLittle"/>
    <property name="java.class.version" value="65.0"/>
    <property name="LOGGED_APPLICATION_NAME" value="[hello] "/>
  </properties>
  <testcase name="testRecognizePlant" classname="com.example.hello.service.PlantRecognitionServiceTest" time="0.001">
    <error message="ApplicationContext failure threshold (1) exceeded: skipping repeated attempt to load context for [WebMergedContextConfiguration@697a34af testClass = com.example.hello.service.PlantRecognitionServiceTest, locations = [], classes = [com.example.hello.HelloApplication], contextInitializerClasses = [], activeProfiles = [], propertySourceDescriptors = [], propertySourceProperties = [&quot;org.springframework.boot.test.context.SpringBootTestContextBootstrapper=true&quot;], contextCustomizers = [org.springframework.boot.test.context.filter.ExcludeFilterContextCustomizer@20b2475a, org.springframework.boot.test.json.DuplicateJsonObjectContextCustomizerFactory$DuplicateJsonObjectContextCustomizer@58e1d9d, org.springframework.boot.test.mock.mockito.MockitoContextCustomizer@0, org.springframework.boot.test.web.client.TestRestTemplateContextCustomizer@7dfb0c0f, org.springframework.boot.test.web.reactor.netty.DisableReactorResourceFactoryGlobalResourcesContextCustomizerFactory$DisableReactorResourceFactoryGlobalResourcesContextCustomizerCustomizer@41330d4f, org.springframework.boot.test.autoconfigure.actuate.observability.ObservabilityContextCustomizerFactory$DisableObservabilityContextCustomizer@1f, org.springframework.boot.test.autoconfigure.properties.PropertyMappingContextCustomizer@0, org.springframework.boot.test.autoconfigure.web.servlet.WebDriverContextCustomizer@448c8166, org.springframework.boot.test.context.SpringBootTestAnnotation@f850547e], resourceBasePath = &quot;src/main/webapp&quot;, contextLoader = org.springframework.boot.test.context.SpringBootContextLoader, parent = null]" type="java.lang.IllegalStateException"><![CDATA[java.lang.IllegalStateException: ApplicationContext failure threshold (1) exceeded: skipping repeated attempt to load context for [WebMergedContextConfiguration@697a34af testClass = com.example.hello.service.PlantRecognitionServiceTest, locations = [], classes = [com.example.hello.HelloApplication], contextInitializerClasses = [], activeProfiles = [], propertySourceDescriptors = [], propertySourceProperties = ["org.springframework.boot.test.context.SpringBootTestContextBootstrapper=true"], contextCustomizers = [org.springframework.boot.test.context.filter.ExcludeFilterContextCustomizer@20b2475a, org.springframework.boot.test.json.DuplicateJsonObjectContextCustomizerFactory$DuplicateJsonObjectContextCustomizer@58e1d9d, org.springframework.boot.test.mock.mockito.MockitoContextCustomizer@0, org.springframework.boot.test.web.client.TestRestTemplateContextCustomizer@7dfb0c0f, org.springframework.boot.test.web.reactor.netty.DisableReactorResourceFactoryGlobalResourcesContextCustomizerFactory$DisableReactorResourceFactoryGlobalResourcesContextCustomizerCustomizer@41330d4f, org.springframework.boot.test.autoconfigure.actuate.observability.ObservabilityContextCustomizerFactory$DisableObservabilityContextCustomizer@1f, org.springframework.boot.test.autoconfigure.properties.PropertyMappingContextCustomizer@0, org.springframework.boot.test.autoconfigure.web.servlet.WebDriverContextCustomizer@448c8166, org.springframework.boot.test.context.SpringBootTestAnnotation@f850547e], resourceBasePath = "src/main/webapp", contextLoader = org.springframework.boot.test.context.SpringBootContextLoader, parent = null]
	at org.springframework.test.context.cache.DefaultCacheAwareContextLoaderDelegate.loadContext(DefaultCacheAwareContextLoaderDelegate.java:145)
	at org.springframework.test.context.support.DefaultTestContext.getApplicationContext(DefaultTestContext.java:130)
	at org.springframework.test.context.web.ServletTestExecutionListener.setUpRequestContextIfNecessary(ServletTestExecutionListener.java:191)
	at org.springframework.test.context.web.ServletTestExecutionListener.prepareTestInstance(ServletTestExecutionListener.java:130)
	at org.springframework.test.context.TestContextManager.prepareTestInstance(TestContextManager.java:260)
	at org.springframework.test.context.junit.jupiter.SpringExtension.postProcessTestInstance(SpringExtension.java:163)
	at java.base/java.util.stream.ReferencePipeline$3$1.accept(ReferencePipeline.java:197)
	at java.base/java.util.stream.ReferencePipeline$2$1.accept(ReferencePipeline.java:179)
	at java.base/java.util.ArrayList$ArrayListSpliterator.forEachRemaining(ArrayList.java:1708)
	at java.base/java.util.stream.AbstractPipeline.copyInto(AbstractPipeline.java:509)
	at java.base/java.util.stream.AbstractPipeline.wrapAndCopyInto(AbstractPipeline.java:499)
	at java.base/java.util.stream.StreamSpliterators$WrappingSpliterator.forEachRemaining(StreamSpliterators.java:310)
	at java.base/java.util.stream.Streams$ConcatSpliterator.forEachRemaining(Streams.java:735)
	at java.base/java.util.stream.Streams$ConcatSpliterator.forEachRemaining(Streams.java:734)
	at java.base/java.util.stream.ReferencePipeline$Head.forEach(ReferencePipeline.java:762)
	at java.base/java.util.Optional.orElseGet(Optional.java:364)
	at java.base/java.util.ArrayList.forEach(ArrayList.java:1596)
	at java.base/java.util.ArrayList.forEach(ArrayList.java:1596)
]]></error>
    <system-out><![CDATA[2025-07-14T21:42:10.534+08:00  INFO 29532 --- [hello] [           main] t.c.s.AnnotationConfigContextLoaderUtils : Could not detect default configuration classes for test class [com.example.hello.service.PlantRecognitionServiceTest]: PlantRecognitionServiceTest does not declare any static, non-private, non-final, nested classes annotated with @Configuration.
2025-07-14T21:42:10.543+08:00  INFO 29532 --- [hello] [           main] .b.t.c.SpringBootTestContextBootstrapper : Found @SpringBootConfiguration com.example.hello.HelloApplication for test class com.example.hello.service.PlantRecognitionServiceTest
2025-07-14T21:42:10.546+08:00  WARN 29532 --- [hello] [           main] o.s.test.context.TestContextManager      : Caught exception while allowing TestExecutionListener [org.springframework.test.context.web.ServletTestExecutionListener] to prepare test instance [com.example.hello.service.PlantRecognitionServiceTest@70211df5]

java.lang.IllegalStateException: ApplicationContext failure threshold (1) exceeded: skipping repeated attempt to load context for [WebMergedContextConfiguration@697a34af testClass = com.example.hello.service.PlantRecognitionServiceTest, locations = [], classes = [com.example.hello.HelloApplication], contextInitializerClasses = [], activeProfiles = [], propertySourceDescriptors = [], propertySourceProperties = ["org.springframework.boot.test.context.SpringBootTestContextBootstrapper=true"], contextCustomizers = [org.springframework.boot.test.context.filter.ExcludeFilterContextCustomizer@20b2475a, org.springframework.boot.test.json.DuplicateJsonObjectContextCustomizerFactory$DuplicateJsonObjectContextCustomizer@58e1d9d, org.springframework.boot.test.mock.mockito.MockitoContextCustomizer@0, org.springframework.boot.test.web.client.TestRestTemplateContextCustomizer@7dfb0c0f, org.springframework.boot.test.web.reactor.netty.DisableReactorResourceFactoryGlobalResourcesContextCustomizerFactory$DisableReactorResourceFactoryGlobalResourcesContextCustomizerCustomizer@41330d4f, org.springframework.boot.test.autoconfigure.actuate.observability.ObservabilityContextCustomizerFactory$DisableObservabilityContextCustomizer@1f, org.springframework.boot.test.autoconfigure.properties.PropertyMappingContextCustomizer@0, org.springframework.boot.test.autoconfigure.web.servlet.WebDriverContextCustomizer@448c8166, org.springframework.boot.test.context.SpringBootTestAnnotation@f850547e], resourceBasePath = "src/main/webapp", contextLoader = org.springframework.boot.test.context.SpringBootContextLoader, parent = null]
	at org.springframework.test.context.cache.DefaultCacheAwareContextLoaderDelegate.loadContext(DefaultCacheAwareContextLoaderDelegate.java:145) ~[spring-test-6.1.11.jar:6.1.11]
	at org.springframework.test.context.support.DefaultTestContext.getApplicationContext(DefaultTestContext.java:130) ~[spring-test-6.1.11.jar:6.1.11]
	at org.springframework.test.context.web.ServletTestExecutionListener.setUpRequestContextIfNecessary(ServletTestExecutionListener.java:191) ~[spring-test-6.1.11.jar:6.1.11]
	at org.springframework.test.context.web.ServletTestExecutionListener.prepareTestInstance(ServletTestExecutionListener.java:130) ~[spring-test-6.1.11.jar:6.1.11]
	at org.springframework.test.context.TestContextManager.prepareTestInstance(TestContextManager.java:260) ~[spring-test-6.1.11.jar:6.1.11]
	at org.springframework.test.context.junit.jupiter.SpringExtension.postProcessTestInstance(SpringExtension.java:163) ~[spring-test-6.1.11.jar:6.1.11]
	at org.junit.jupiter.engine.descriptor.ClassBasedTestDescriptor.lambda$invokeTestInstancePostProcessors$10(ClassBasedTestDescriptor.java:378) ~[junit-jupiter-engine-5.10.3.jar:5.10.3]
	at org.junit.jupiter.engine.descriptor.ClassBasedTestDescriptor.executeAndMaskThrowable(ClassBasedTestDescriptor.java:383) ~[junit-jupiter-engine-5.10.3.jar:5.10.3]
	at org.junit.jupiter.engine.descriptor.ClassBasedTestDescriptor.lambda$invokeTestInstancePostProcessors$11(ClassBasedTestDescriptor.java:378) ~[junit-jupiter-engine-5.10.3.jar:5.10.3]
	at java.base/java.util.stream.ReferencePipeline$3$1.accept(ReferencePipeline.java:197) ~[na:na]
	at java.base/java.util.stream.ReferencePipeline$2$1.accept(ReferencePipeline.java:179) ~[na:na]
	at java.base/java.util.ArrayList$ArrayListSpliterator.forEachRemaining(ArrayList.java:1708) ~[na:na]
	at java.base/java.util.stream.AbstractPipeline.copyInto(AbstractPipeline.java:509) ~[na:na]
	at java.base/java.util.stream.AbstractPipeline.wrapAndCopyInto(AbstractPipeline.java:499) ~[na:na]
	at java.base/java.util.stream.StreamSpliterators$WrappingSpliterator.forEachRemaining(StreamSpliterators.java:310) ~[na:na]
	at java.base/java.util.stream.Streams$ConcatSpliterator.forEachRemaining(Streams.java:735) ~[na:na]
	at java.base/java.util.stream.Streams$ConcatSpliterator.forEachRemaining(Streams.java:734) ~[na:na]
	at java.base/java.util.stream.ReferencePipeline$Head.forEach(ReferencePipeline.java:762) ~[na:na]
	at org.junit.jupiter.engine.descriptor.ClassBasedTestDescriptor.invokeTestInstancePostProcessors(ClassBasedTestDescriptor.java:377) ~[junit-jupiter-engine-5.10.3.jar:5.10.3]
	at org.junit.jupiter.engine.descriptor.ClassBasedTestDescriptor.lambda$instantiateAndPostProcessTestInstance$6(ClassBasedTestDescriptor.java:290) ~[junit-jupiter-engine-5.10.3.jar:5.10.3]
	at org.junit.platform.engine.support.hierarchical.ThrowableCollector.execute(ThrowableCollector.java:73) ~[junit-platform-engine-1.10.3.jar:1.10.3]
	at org.junit.jupiter.engine.descriptor.ClassBasedTestDescriptor.instantiateAndPostProcessTestInstance(ClassBasedTestDescriptor.java:289) ~[junit-jupiter-engine-5.10.3.jar:5.10.3]
	at org.junit.jupiter.engine.descriptor.ClassBasedTestDescriptor.lambda$testInstancesProvider$4(ClassBasedTestDescriptor.java:279) ~[junit-jupiter-engine-5.10.3.jar:5.10.3]
	at java.base/java.util.Optional.orElseGet(Optional.java:364) ~[na:na]
	at org.junit.jupiter.engine.descriptor.ClassBasedTestDescriptor.lambda$testInstancesProvider$5(ClassBasedTestDescriptor.java:278) ~[junit-jupiter-engine-5.10.3.jar:5.10.3]
	at org.junit.jupiter.engine.execution.TestInstancesProvider.getTestInstances(TestInstancesProvider.java:31) ~[junit-jupiter-engine-5.10.3.jar:5.10.3]
	at org.junit.jupiter.engine.descriptor.TestMethodTestDescriptor.lambda$prepare$0(TestMethodTestDescriptor.java:106) ~[junit-jupiter-engine-5.10.3.jar:5.10.3]
	at org.junit.platform.engine.support.hierarchical.ThrowableCollector.execute(ThrowableCollector.java:73) ~[junit-platform-engine-1.10.3.jar:1.10.3]
	at org.junit.jupiter.engine.descriptor.TestMethodTestDescriptor.prepare(TestMethodTestDescriptor.java:105) ~[junit-jupiter-engine-5.10.3.jar:5.10.3]
	at org.junit.jupiter.engine.descriptor.TestMethodTestDescriptor.prepare(TestMethodTestDescriptor.java:69) ~[junit-jupiter-engine-5.10.3.jar:5.10.3]
	at org.junit.platform.engine.support.hierarchical.NodeTestTask.lambda$prepare$2(NodeTestTask.java:123) ~[junit-platform-engine-1.10.3.jar:1.10.3]
	at org.junit.platform.engine.support.hierarchical.ThrowableCollector.execute(ThrowableCollector.java:73) ~[junit-platform-engine-1.10.3.jar:1.10.3]
	at org.junit.platform.engine.support.hierarchical.NodeTestTask.prepare(NodeTestTask.java:123) ~[junit-platform-engine-1.10.3.jar:1.10.3]
	at org.junit.platform.engine.support.hierarchical.NodeTestTask.execute(NodeTestTask.java:90) ~[junit-platform-engine-1.10.3.jar:1.10.3]
	at java.base/java.util.ArrayList.forEach(ArrayList.java:1596) ~[na:na]
	at org.junit.platform.engine.support.hierarchical.SameThreadHierarchicalTestExecutorService.invokeAll(SameThreadHierarchicalTestExecutorService.java:41) ~[junit-platform-engine-1.10.3.jar:1.10.3]
	at org.junit.platform.engine.support.hierarchical.NodeTestTask.lambda$executeRecursively$6(NodeTestTask.java:155) ~[junit-platform-engine-1.10.3.jar:1.10.3]
	at org.junit.platform.engine.support.hierarchical.ThrowableCollector.execute(ThrowableCollector.java:73) ~[junit-platform-engine-1.10.3.jar:1.10.3]
	at org.junit.platform.engine.support.hierarchical.NodeTestTask.lambda$executeRecursively$8(NodeTestTask.java:141) ~[junit-platform-engine-1.10.3.jar:1.10.3]
	at org.junit.platform.engine.support.hierarchical.Node.around(Node.java:137) ~[junit-platform-engine-1.10.3.jar:1.10.3]
	at org.junit.platform.engine.support.hierarchical.NodeTestTask.lambda$executeRecursively$9(NodeTestTask.java:139) ~[junit-platform-engine-1.10.3.jar:1.10.3]
	at org.junit.platform.engine.support.hierarchical.ThrowableCollector.execute(ThrowableCollector.java:73) ~[junit-platform-engine-1.10.3.jar:1.10.3]
	at org.junit.platform.engine.support.hierarchical.NodeTestTask.executeRecursively(NodeTestTask.java:138) ~[junit-platform-engine-1.10.3.jar:1.10.3]
	at org.junit.platform.engine.support.hierarchical.NodeTestTask.execute(NodeTestTask.java:95) ~[junit-platform-engine-1.10.3.jar:1.10.3]
	at java.base/java.util.ArrayList.forEach(ArrayList.java:1596) ~[na:na]
	at org.junit.platform.engine.support.hierarchical.SameThreadHierarchicalTestExecutorService.invokeAll(SameThreadHierarchicalTestExecutorService.java:41) ~[junit-platform-engine-1.10.3.jar:1.10.3]
	at org.junit.platform.engine.support.hierarchical.NodeTestTask.lambda$executeRecursively$6(NodeTestTask.java:155) ~[junit-platform-engine-1.10.3.jar:1.10.3]
	at org.junit.platform.engine.support.hierarchical.ThrowableCollector.execute(ThrowableCollector.java:73) ~[junit-platform-engine-1.10.3.jar:1.10.3]
	at org.junit.platform.engine.support.hierarchical.NodeTestTask.lambda$executeRecursively$8(NodeTestTask.java:141) ~[junit-platform-engine-1.10.3.jar:1.10.3]
	at org.junit.platform.engine.support.hierarchical.Node.around(Node.java:137) ~[junit-platform-engine-1.10.3.jar:1.10.3]
	at org.junit.platform.engine.support.hierarchical.NodeTestTask.lambda$executeRecursively$9(NodeTestTask.java:139) ~[junit-platform-engine-1.10.3.jar:1.10.3]
	at org.junit.platform.engine.support.hierarchical.ThrowableCollector.execute(ThrowableCollector.java:73) ~[junit-platform-engine-1.10.3.jar:1.10.3]
	at org.junit.platform.engine.support.hierarchical.NodeTestTask.executeRecursively(NodeTestTask.java:138) ~[junit-platform-engine-1.10.3.jar:1.10.3]
	at org.junit.platform.engine.support.hierarchical.NodeTestTask.execute(NodeTestTask.java:95) ~[junit-platform-engine-1.10.3.jar:1.10.3]
	at org.junit.platform.engine.support.hierarchical.SameThreadHierarchicalTestExecutorService.submit(SameThreadHierarchicalTestExecutorService.java:35) ~[junit-platform-engine-1.10.3.jar:1.10.3]
	at org.junit.platform.engine.support.hierarchical.HierarchicalTestExecutor.execute(HierarchicalTestExecutor.java:57) ~[junit-platform-engine-1.10.3.jar:1.10.3]
	at org.junit.platform.engine.support.hierarchical.HierarchicalTestEngine.execute(HierarchicalTestEngine.java:54) ~[junit-platform-engine-1.10.3.jar:1.10.3]
	at org.junit.platform.launcher.core.EngineExecutionOrchestrator.execute(EngineExecutionOrchestrator.java:198) ~[junit-platform-launcher-1.10.3.jar:1.10.3]
	at org.junit.platform.launcher.core.EngineExecutionOrchestrator.execute(EngineExecutionOrchestrator.java:169) ~[junit-platform-launcher-1.10.3.jar:1.10.3]
	at org.junit.platform.launcher.core.EngineExecutionOrchestrator.execute(EngineExecutionOrchestrator.java:93) ~[junit-platform-launcher-1.10.3.jar:1.10.3]
	at org.junit.platform.launcher.core.EngineExecutionOrchestrator.lambda$execute$0(EngineExecutionOrchestrator.java:58) ~[junit-platform-launcher-1.10.3.jar:1.10.3]
	at org.junit.platform.launcher.core.EngineExecutionOrchestrator.withInterceptedStreams(EngineExecutionOrchestrator.java:141) ~[junit-platform-launcher-1.10.3.jar:1.10.3]
	at org.junit.platform.launcher.core.EngineExecutionOrchestrator.execute(EngineExecutionOrchestrator.java:57) ~[junit-platform-launcher-1.10.3.jar:1.10.3]
	at org.junit.platform.launcher.core.DefaultLauncher.execute(DefaultLauncher.java:103) ~[junit-platform-launcher-1.10.3.jar:1.10.3]
	at org.junit.platform.launcher.core.DefaultLauncher.execute(DefaultLauncher.java:85) ~[junit-platform-launcher-1.10.3.jar:1.10.3]
	at org.junit.platform.launcher.core.DelegatingLauncher.execute(DelegatingLauncher.java:47) ~[junit-platform-launcher-1.10.3.jar:1.10.3]
	at org.apache.maven.surefire.junitplatform.LazyLauncher.execute(LazyLauncher.java:56) ~[surefire-junit-platform-3.2.5.jar:3.2.5]
	at org.apache.maven.surefire.junitplatform.JUnitPlatformProvider.execute(JUnitPlatformProvider.java:184) ~[surefire-junit-platform-3.2.5.jar:3.2.5]
	at org.apache.maven.surefire.junitplatform.JUnitPlatformProvider.invokeAllTests(JUnitPlatformProvider.java:148) ~[surefire-junit-platform-3.2.5.jar:3.2.5]
	at org.apache.maven.surefire.junitplatform.JUnitPlatformProvider.invoke(JUnitPlatformProvider.java:122) ~[surefire-junit-platform-3.2.5.jar:3.2.5]
	at org.apache.maven.surefire.booter.ForkedBooter.runSuitesInProcess(ForkedBooter.java:385) ~[surefire-booter-3.2.5.jar:3.2.5]
	at org.apache.maven.surefire.booter.ForkedBooter.execute(ForkedBooter.java:162) ~[surefire-booter-3.2.5.jar:3.2.5]
	at org.apache.maven.surefire.booter.ForkedBooter.run(ForkedBooter.java:507) ~[surefire-booter-3.2.5.jar:3.2.5]
	at org.apache.maven.surefire.booter.ForkedBooter.main(ForkedBooter.java:495) ~[surefire-booter-3.2.5.jar:3.2.5]

]]></system-out>
  </testcase>
</testsuite>